<?xml version="1.0" encoding="UTF-8"?>
<testng-results total="2" passed="2" failed="0" skipped="0">
  <reporter-output>
  </reporter-output>
  <suite started-at="2021-05-29T16:06:22Z" name="Suite" finished-at="2021-05-29T16:06:33Z" duration-ms="10993">
    <groups>
    </groups>
    <test started-at="2021-05-29T16:06:22Z" name="Validating User login" finished-at="2021-05-29T16:06:33Z" duration-ms="10993">
      <class name="Academy.HomePage">
        <test-method is-config="true" signature="initialize()[pri:0, instance:Academy.HomePage@3a3e4aff]" started-at="2021-05-29T21:36:22Z" name="initialize" finished-at="2021-05-29T21:36:24Z" duration-ms="1889" status="PASS">
          <reporter-output>
          </reporter-output>
        </test-method> <!-- initialize -->
        <test-method signature="basePageNavigation(java.lang.String, java.lang.String, java.lang.String)[pri:0, instance:Academy.HomePage@3a3e4aff]" started-at="2021-05-29T21:36:24Z" name="basePageNavigation" data-provider="getData" finished-at="2021-05-29T21:36:31Z" duration-ms="6390" status="PASS">
          <params>
            <param index="0">
              <value>
                <![CDATA[nonrestricteduser@qw.com]]>
              </value>
            </param>
            <param index="1">
              <value>
                <![CDATA[123456]]>
              </value>
            </param>
            <param index="2">
              <value>
                <![CDATA[Restrcited User]]>
              </value>
            </param>
          </params>
          <reporter-output>
          </reporter-output>
        </test-method> <!-- basePageNavigation -->
        <test-method signature="basePageNavigation(java.lang.String, java.lang.String, java.lang.String)[pri:0, instance:Academy.HomePage@3a3e4aff]" started-at="2021-05-29T21:36:31Z" name="basePageNavigation" data-provider="getData" finished-at="2021-05-29T21:36:33Z" duration-ms="2586" status="PASS">
          <params>
            <param index="0">
              <value>
                <![CDATA[restricteduser@qw.com]]>
              </value>
            </param>
            <param index="1">
              <value>
                <![CDATA[456788]]>
              </value>
            </param>
            <param index="2">
              <value>
                <![CDATA[Non restricted user]]>
              </value>
            </param>
          </params>
          <reporter-output>
          </reporter-output>
        </test-method> <!-- basePageNavigation -->
        <test-method is-config="true" signature="teardown()[pri:0, instance:Academy.HomePage@3a3e4aff]" started-at="2021-05-29T21:36:33Z" name="teardown" finished-at="2021-05-29T21:36:33Z" duration-ms="100" status="PASS">
          <reporter-output>
          </reporter-output>
        </test-method> <!-- teardown -->
      </class> <!-- Academy.HomePage -->
    </test> <!-- Validating User login -->
  </suite> <!-- Suite -->
</testng-results>
